<?xml version="1.0" encoding="UTF-8"?>
<testsuite name="AtmTest" tests="7" skipped="0" failures="0" errors="0" timestamp="2022-10-20T00:48:21" hostname="DOMINATOR-14" time="0.021">
  <properties/>
  <testcase name="shouldHaveADefaultBalanceOf100()" classname="AtmTest" time="0.014"/>
  <testcase name="shouldDenyUserAccessWithIncorrectPin()" classname="AtmTest" time="0.003"/>
  <testcase name="withdrawalOf50shouldDecreaseAnInitialBalanceOf50To0()" classname="AtmTest" time="0.001"/>
  <testcase name="withdrawOf51ShouldReturnOriginalBalanceOf50()" classname="AtmTest" time="0.001"/>
  <testcase name="shouldHaveADefaultBalanceOf50()" classname="AtmTest" time="0.0"/>
  <testcase name="shouldAllowUserAccessWithCorrectPin()" classname="AtmTest" time="0.001"/>
  <testcase name="depositOf50ShouldIncreaseAnInitialBalanceOf50To100()" classname="AtmTest" time="0.0"/>
  <system-out><![CDATA[]]></system-out>
  <system-err><![CDATA[]]></system-err>
</testsuite>
